{"/Users/artemznakhorenko/Workspace/test-fees-evaluation/fsHelpers.js": {"path":"/Users/artemznakhorenko/Workspace/test-fees-evaluation/fsHelpers.js","statementMap":{"0":{"start":{"line":1,"column":11},"end":{"line":1,"column":33}},"1":{"start":{"line":7,"column":4},"end":{"line":13,"column":5}},"2":{"start":{"line":8,"column":21},"end":{"line":8,"column":56}},"3":{"start":{"line":9,"column":8},"end":{"line":9,"column":31}},"4":{"start":{"line":11,"column":8},"end":{"line":11,"column":59}},"5":{"start":{"line":12,"column":8},"end":{"line":12,"column":19}},"6":{"start":{"line":16,"column":0},"end":{"line":18,"column":1}}},"fnMap":{"0":{"name":"readFromJSON","decl":{"start":{"line":6,"column":15},"end":{"line":6,"column":27}},"loc":{"start":{"line":6,"column":38},"end":{"line":14,"column":1}},"line":6}},"branchMap":{},"s":{"0":1,"1":2,"2":2,"3":1,"4":1,"5":1,"6":1},"f":{"0":2},"b":{},"_coverageSchema":"1a1c01bbd47fc00a2c39e90264f33305004495a9","hash":"3544eb8cfb6dae1dbdd495d162136db06caac65f"}
,"/Users/artemznakhorenko/Workspace/test-fees-evaluation/helpers.js": {"path":"/Users/artemznakhorenko/Workspace/test-fees-evaluation/helpers.js","statementMap":{"0":{"start":{"line":3,"column":17},"end":{"line":5,"column":1}},"1":{"start":{"line":4,"column":4},"end":{"line":4,"column":51}},"2":{"start":{"line":10,"column":24},"end":{"line":10,"column":44}},"3":{"start":{"line":11,"column":22},"end":{"line":11,"column":42}},"4":{"start":{"line":12,"column":31},"end":{"line":12,"column":50}},"5":{"start":{"line":13,"column":26},"end":{"line":13,"column":84}},"6":{"start":{"line":14,"column":23},"end":{"line":14,"column":52}},"7":{"start":{"line":15,"column":4},"end":{"line":15,"column":21}},"8":{"start":{"line":18,"column":0},"end":{"line":21,"column":1}}},"fnMap":{"0":{"name":"(anonymous_0)","decl":{"start":{"line":3,"column":17},"end":{"line":3,"column":18}},"loc":{"start":{"line":3,"column":29},"end":{"line":5,"column":1}},"line":3},"1":{"name":"getWeekNumber","decl":{"start":{"line":9,"column":9},"end":{"line":9,"column":22}},"loc":{"start":{"line":9,"column":35},"end":{"line":16,"column":1}},"line":9}},"branchMap":{},"s":{"0":2,"1":3,"2":8,"3":8,"4":8,"5":8,"6":8,"7":8,"8":2},"f":{"0":3,"1":8},"b":{},"_coverageSchema":"1a1c01bbd47fc00a2c39e90264f33305004495a9","hash":"0f5d81d185b1f7896c035f52efac5762cedd34e7"}
,"/Users/artemznakhorenko/Workspace/test-fees-evaluation/fees/cash-in-fees.js": {"path":"/Users/artemznakhorenko/Workspace/test-fees-evaluation/fees/cash-in-fees.js","statementMap":{"0":{"start":{"line":2,"column":20},"end":{"line":2,"column":26}},"1":{"start":{"line":3,"column":21},"end":{"line":3,"column":22}},"2":{"start":{"line":5,"column":18},"end":{"line":8,"column":1}},"3":{"start":{"line":6,"column":16},"end":{"line":6,"column":58}},"4":{"start":{"line":7,"column":4},"end":{"line":7,"column":50}},"5":{"start":{"line":10,"column":0},"end":{"line":13,"column":1}}},"fnMap":{"0":{"name":"(anonymous_0)","decl":{"start":{"line":5,"column":18},"end":{"line":5,"column":19}},"loc":{"start":{"line":5,"column":35},"end":{"line":8,"column":1}},"line":5}},"branchMap":{"0":{"loc":{"start":{"line":7,"column":11},"end":{"line":7,"column":50}},"type":"cond-expr","locations":[{"start":{"line":7,"column":32},"end":{"line":7,"column":35}},{"start":{"line":7,"column":38},"end":{"line":7,"column":50}}],"line":7}},"s":{"0":1,"1":1,"2":1,"3":2,"4":2,"5":1},"f":{"0":2},"b":{"0":[1,1]},"_coverageSchema":"1a1c01bbd47fc00a2c39e90264f33305004495a9","hash":"8171ce5cc6f68d1ef7b63077bfe8954b41093c76"}
,"/Users/artemznakhorenko/Workspace/test-fees-evaluation/fees/cash-out-fees.js": {"path":"/Users/artemznakhorenko/Workspace/test-fees-evaluation/fees/cash-out-fees.js","statementMap":{"0":{"start":{"line":1,"column":26},"end":{"line":1,"column":47}},"1":{"start":{"line":3,"column":22},"end":{"line":3,"column":27}},"2":{"start":{"line":4,"column":30},"end":{"line":4,"column":33}},"3":{"start":{"line":6,"column":33},"end":{"line":6,"column":37}},"4":{"start":{"line":7,"column":20},"end":{"line":7,"column":25}},"5":{"start":{"line":10,"column":19},"end":{"line":13,"column":1}},"6":{"start":{"line":15,"column":19},"end":{"line":68,"column":1}},"7":{"start":{"line":21,"column":8},"end":{"line":21,"column":19}},"8":{"start":{"line":26,"column":4},"end":{"line":61,"column":5}},"9":{"start":{"line":27,"column":20},"end":{"line":27,"column":42}},"10":{"start":{"line":28,"column":8},"end":{"line":28,"column":74}},"11":{"start":{"line":33,"column":27},"end":{"line":33,"column":46}},"12":{"start":{"line":34,"column":8},"end":{"line":60,"column":9}},"13":{"start":{"line":35,"column":33},"end":{"line":35,"column":61}},"14":{"start":{"line":36,"column":12},"end":{"line":41,"column":13}},"15":{"start":{"line":37,"column":16},"end":{"line":37,"column":45}},"16":{"start":{"line":39,"column":30},"end":{"line":39,"column":78}},"17":{"start":{"line":40,"column":16},"end":{"line":40,"column":58}},"18":{"start":{"line":42,"column":12},"end":{"line":48,"column":13}},"19":{"start":{"line":50,"column":25},"end":{"line":50,"column":58}},"20":{"start":{"line":51,"column":36},"end":{"line":51,"column":55}},"21":{"start":{"line":52,"column":16},"end":{"line":52,"column":50}},"22":{"start":{"line":53,"column":16},"end":{"line":59,"column":17}},"23":{"start":{"line":62,"column":4},"end":{"line":65,"column":5}},"24":{"start":{"line":70,"column":0},"end":{"line":75,"column":1}}},"fnMap":{"0":{"name":"(anonymous_0)","decl":{"start":{"line":15,"column":19},"end":{"line":15,"column":20}},"loc":{"start":{"line":15,"column":46},"end":{"line":68,"column":1}},"line":15}},"branchMap":{"0":{"loc":{"start":{"line":26,"column":4},"end":{"line":61,"column":5}},"type":"if","locations":[{"start":{"line":26,"column":4},"end":{"line":61,"column":5}},{"start":{"line":32,"column":9},"end":{"line":61,"column":5}}],"line":26},"1":{"loc":{"start":{"line":28,"column":17},"end":{"line":28,"column":74}},"type":"cond-expr","locations":[{"start":{"line":28,"column":47},"end":{"line":28,"column":50}},{"start":{"line":28,"column":53},"end":{"line":28,"column":74}}],"line":28},"2":{"loc":{"start":{"line":36,"column":12},"end":{"line":41,"column":13}},"type":"if","locations":[{"start":{"line":36,"column":12},"end":{"line":41,"column":13}},{"start":{"line":38,"column":19},"end":{"line":41,"column":13}}],"line":36},"3":{"loc":{"start":{"line":40,"column":25},"end":{"line":40,"column":58}},"type":"cond-expr","locations":[{"start":{"line":40,"column":36},"end":{"line":40,"column":54}},{"start":{"line":40,"column":57},"end":{"line":40,"column":58}}],"line":40},"4":{"loc":{"start":{"line":46,"column":35},"end":{"line":46,"column":52}},"type":"binary-expr","locations":[{"start":{"line":46,"column":35},"end":{"line":46,"column":47}},{"start":{"line":46,"column":51},"end":{"line":46,"column":52}}],"line":46},"5":{"loc":{"start":{"line":51,"column":36},"end":{"line":51,"column":55}},"type":"cond-expr","locations":[{"start":{"line":51,"column":47},"end":{"line":51,"column":51}},{"start":{"line":51,"column":54},"end":{"line":51,"column":55}}],"line":51}},"s":{"0":1,"1":1,"2":1,"3":1,"4":1,"5":1,"6":1,"7":8,"8":8,"9":2,"10":2,"11":6,"12":6,"13":6,"14":4,"15":1,"16":3,"17":3,"18":4,"19":2,"20":2,"21":2,"22":2,"23":8,"24":1},"f":{"0":8},"b":{"0":[2,6],"1":[1,1],"2":[1,3],"3":[1,2],"4":[4,1],"5":[1,1]},"_coverageSchema":"1a1c01bbd47fc00a2c39e90264f33305004495a9","hash":"979a1879ab1ebca9bfbc60c43aac1e923cffe0e5"}
}
