TN:
SF:fsHelpers.js
FN:6,readFromJSON
FNF:1
FNH:1
FNDA:2,readFromJSON
DA:1,1
DA:7,2
DA:8,2
DA:9,1
DA:11,1
DA:12,1
DA:16,1
LF:7
LH:7
BRF:0
BRH:0
end_of_record
TN:
SF:helpers.js
FN:3,(anonymous_0)
FN:9,getWeekNumber
FNF:2
FNH:2
FNDA:3,(anonymous_0)
FNDA:8,getWeekNumber
DA:3,2
DA:4,3
DA:10,8
DA:11,8
DA:12,8
DA:13,8
DA:14,8
DA:15,8
DA:18,2
LF:9
LH:9
BRF:0
BRH:0
end_of_record
TN:
SF:fees/cash-in-fees.js
FN:5,(anonymous_0)
FNF:1
FNH:1
FNDA:2,(anonymous_0)
DA:2,1
DA:3,1
DA:5,1
DA:6,2
DA:7,2
DA:10,1
LF:6
LH:6
BRDA:7,0,0,1
BRDA:7,0,1,1
BRF:2
BRH:2
end_of_record
TN:
SF:fees/cash-out-fees.js
FN:15,(anonymous_0)
FNF:1
FNH:1
FNDA:8,(anonymous_0)
DA:1,1
DA:3,1
DA:4,1
DA:6,1
DA:7,1
DA:10,1
DA:15,1
DA:21,8
DA:26,8
DA:27,2
DA:28,2
DA:33,6
DA:34,6
DA:35,6
DA:36,4
DA:37,1
DA:39,3
DA:40,3
DA:42,4
DA:50,2
DA:51,2
DA:52,2
DA:53,2
DA:62,8
DA:70,1
LF:25
LH:25
BRDA:26,0,0,2
BRDA:26,0,1,6
BRDA:28,1,0,1
BRDA:28,1,1,1
BRDA:36,2,0,1
BRDA:36,2,1,3
BRDA:40,3,0,1
BRDA:40,3,1,2
BRDA:46,4,0,4
BRDA:46,4,1,1
BRDA:51,5,0,1
BRDA:51,5,1,1
BRF:12
BRH:12
end_of_record
